  546.cpp
c:\users\hp301\documents\visual studio 2015\projects\546\546\546.cpp(45): error C2065: “Hour”: 未声明的标识符
c:\users\hp301\documents\visual studio 2015\projects\546\546\546.cpp(51): error C2065: “Hour”: 未声明的标识符
c:\users\hp301\documents\visual studio 2015\projects\546\546\546.cpp(55): error C2065: “Mongth”: 未声明的标识符
c:\users\hp301\documents\visual studio 2015\projects\546\546\546.cpp(57): error C2065: “cot”: 未声明的标识符
c:\users\hp301\documents\visual studio 2015\projects\546\546\546.cpp(62): error C2063: “CLigang::BackYear”: 不是一个函数
c:\users\hp301\documents\visual studio 2015\projects\546\546\546.cpp(65): error C2653: “CLiang”: 不是类或命名空间名称
c:\users\hp301\documents\visual studio 2015\projects\546\546\546.cpp(66): error C2065: “Month”: 未声明的标识符
c:\users\hp301\documents\visual studio 2015\projects\546\546\546.cpp(68): error C2063: “CLigang::BackDay”: 不是一个函数
c:\users\hp301\documents\visual studio 2015\projects\546\546\546.cpp(71): error C2063: “CLigang::BackHour”: 不是一个函数
c:\users\hp301\documents\visual studio 2015\projects\546\546\546.cpp(74): error C2063: “CLigang::Minute”: 不是一个函数
c:\users\hp301\documents\visual studio 2015\projects\546\546\546.cpp(77): error C2063: “CLigang::Second”: 不是一个函数
c:\users\hp301\documents\visual studio 2015\projects\546\546\546.cpp(85): error C2059: 语法错误:“&&”
c:\users\hp301\documents\visual studio 2015\projects\546\546\546.cpp(86): error C2059: 语法错误:“if”
c:\users\hp301\documents\visual studio 2015\projects\546\546\546.cpp(88): error C2059: 语法错误:“}”
c:\users\hp301\documents\visual studio 2015\projects\546\546\546.cpp(88): error C2143: 语法错误: 缺少“;”(在“}”的前面)
c:\users\hp301\documents\visual studio 2015\projects\546\546\546.cpp(90): error C2059: 语法错误:“}”
c:\users\hp301\documents\visual studio 2015\projects\546\546\546.cpp(90): error C2143: 语法错误: 缺少“;”(在“}”的前面)
c:\users\hp301\documents\visual studio 2015\projects\546\546\546.cpp(91): error C2143: 语法错误: 缺少“;”(在“{”的前面)
c:\users\hp301\documents\visual studio 2015\projects\546\546\546.cpp(91): error C2447: “{”: 缺少函数标题(是否是老式的形式表?)
c:\users\hp301\documents\visual studio 2015\projects\546\546\546.cpp(106): error C2065: “year”: 未声明的标识符
c:\users\hp301\documents\visual studio 2015\projects\546\546\546.cpp(106): error C2065: “Hour”: 未声明的标识符
c:\users\hp301\documents\visual studio 2015\projects\546\546\546.cpp(111): error C2601: “main”: 本地函数定义是非法的
c:\users\hp301\documents\visual studio 2015\projects\546\546\546.cpp(118): fatal error C1004: 发现意外的文件尾
